<?xml version="1.0" encoding="UTF-8"?>
<coverage generated="1731759359978" clover="3.2.0">
  <project timestamp="1731759359978" name="All files">
    <metrics statements="19" coveredstatements="19" conditionals="8" coveredconditionals="2" methods="3" coveredmethods="3" elements="30" coveredelements="24" complexity="0" loc="19" ncloc="19" packages="1" files="1" classes="1"/>
    <file name="toast-message.js" path="D:\hướng dịch vụ\kiểm thử phần mềm\Webbanhang\js\toast-message.js">
      <metrics statements="19" coveredstatements="19" conditionals="8" coveredconditionals="2" methods="3" coveredmethods="3"/>
      <line num="8" count="4" type="stmt"/>
      <line num="9" count="4" type="cond" truecount="1" falsecount="1"/>
      <line num="10" count="4" type="stmt"/>
      <line num="12" count="4" type="stmt"/>
      <line num="13" count="1" type="stmt"/>
      <line num="16" count="4" type="stmt"/>
      <line num="17" count="1" type="cond" truecount="1" falsecount="1"/>
      <line num="18" count="1" type="stmt"/>
      <line num="19" count="1" type="stmt"/>
      <line num="22" count="4" type="stmt"/>
      <line num="28" count="4" type="stmt"/>
      <line num="34" count="4" type="stmt"/>
      <line num="35" count="4" type="stmt"/>
      <line num="36" count="4" type="stmt"/>
      <line num="37" count="4" type="stmt"/>
      <line num="38" count="4" type="stmt"/>
      <line num="39" count="4" type="stmt"/>
      <line num="55" count="4" type="stmt"/>
      <line num="58" count="1" type="stmt"/>
    </file>
  </project>
</coverage>
