{"D:\\hướng dịch vụ\\kiểm thử phần mềm\\Webbanhang\\js\\toast-message.js": {"path":"D:\\hướng dịch vụ\\kiểm thử phần mềm\\Webbanhang\\js\\toast-message.js","statementMap":{"0":{"start":{"line":8,"column":17},"end":{"line":8,"column":49}},"1":{"start":{"line":9,"column":4},"end":{"line":56,"column":5}},"2":{"start":{"line":10,"column":22},"end":{"line":10,"column":51}},"3":{"start":{"line":12,"column":27},"end":{"line":14,"column":24}},"4":{"start":{"line":13,"column":12},"end":{"line":13,"column":36}},"5":{"start":{"line":16,"column":8},"end":{"line":21,"column":9}},"6":{"start":{"line":17,"column":12},"end":{"line":20,"column":13}},"7":{"start":{"line":18,"column":16},"end":{"line":18,"column":40}},"8":{"start":{"line":19,"column":16},"end":{"line":19,"column":41}},"9":{"start":{"line":22,"column":23},"end":{"line":27,"column":9}},"10":{"start":{"line":28,"column":22},"end":{"line":33,"column":9}},"11":{"start":{"line":34,"column":22},"end":{"line":34,"column":34}},"12":{"start":{"line":35,"column":21},"end":{"line":35,"column":32}},"13":{"start":{"line":36,"column":22},"end":{"line":36,"column":50}},"14":{"start":{"line":37,"column":8},"end":{"line":37,"column":55}},"15":{"start":{"line":38,"column":8},"end":{"line":38,"column":94}},"16":{"start":{"line":39,"column":8},"end":{"line":54,"column":11}},"17":{"start":{"line":55,"column":4},"end":{"line":55,"column":28}},"18":{"start":{"line":58,"column":0},"end":{"line":58,"column":27}}},"fnMap":{"0":{"name":"toast","decl":{"start":{"line":2,"column":9},"end":{"line":2,"column":14}},"loc":{"start":{"line":7,"column":2},"end":{"line":57,"column":1}},"line":7},"1":{"name":"(anonymous_1)","decl":{"start":{"line":12,"column":38},"end":{"line":12,"column":39}},"loc":{"start":{"line":12,"column":48},"end":{"line":14,"column":9}},"line":12},"2":{"name":"(anonymous_2)","decl":{"start":{"line":16,"column":24},"end":{"line":16,"column":25}},"loc":{"start":{"line":16,"column":35},"end":{"line":21,"column":9}},"line":16}},"branchMap":{"0":{"loc":{"start":{"line":3,"column":4},"end":{"line":3,"column":21}},"type":"default-arg","locations":[{"start":{"line":3,"column":12},"end":{"line":3,"column":21}}],"line":3},"1":{"loc":{"start":{"line":4,"column":4},"end":{"line":4,"column":40}},"type":"default-arg","locations":[{"start":{"line":4,"column":14},"end":{"line":4,"column":40}}],"line":4},"2":{"loc":{"start":{"line":5,"column":4},"end":{"line":5,"column":20}},"type":"default-arg","locations":[{"start":{"line":5,"column":11},"end":{"line":5,"column":20}}],"line":5},"3":{"loc":{"start":{"line":6,"column":4},"end":{"line":6,"column":19}},"type":"default-arg","locations":[{"start":{"line":6,"column":15},"end":{"line":6,"column":19}}],"line":6},"4":{"loc":{"start":{"line":9,"column":4},"end":{"line":56,"column":5}},"type":"if","locations":[{"start":{"line":9,"column":4},"end":{"line":56,"column":5}},{"start":{},"end":{}}],"line":9},"5":{"loc":{"start":{"line":17,"column":12},"end":{"line":20,"column":13}},"type":"if","locations":[{"start":{"line":17,"column":12},"end":{"line":20,"column":13}},{"start":{},"end":{}}],"line":17}},"s":{"0":4,"1":4,"2":4,"3":4,"4":1,"5":4,"6":1,"7":1,"8":1,"9":4,"10":4,"11":4,"12":4,"13":4,"14":4,"15":4,"16":4,"17":4,"18":1},"f":{"0":4,"1":1,"2":1},"b":{"0":[0],"1":[0],"2":[0],"3":[0],"4":[4,0],"5":[1,0]},"_coverageSchema":"1a1c01bbd47fc00a2c39e90264f33305004495a9","hash":"125adec7d3b5ddaf3ad923b6c7b7e0258dc7ea0a"}
}
